2009-09-14 23:13:42,324  INFO [main] (com.founder.enp.DataMoveMain:84) - 已发送结束程序消息
2009-09-14 23:14:05,726  INFO [main] (com.founder.enp.DataMoveMain:103) - 检测到停止程序消息
2009-09-14 23:14:07,732  INFO [main] (com.founder.enp.DataMoveMain:138) - 程序安全关闭
2009-09-14 23:14:18,070  INFO [main] (com.founder.enp.config.Init:54) - configFile : F:/work/workspace/GetNewest/src/config.xml
2009-09-14 23:14:18,080  INFO [main] (com.founder.enp.config.Init:41) - 已载入配置，初始化程序成功
2009-09-14 23:14:18,083  INFO [Timer-0] (com.founder.enp.proess.ChunkProcess:32) - 开始获取【股票-新股发行一览】的最新数据
2009-09-14 23:14:18,146  INFO [Timer-0] (com.founder.enp.db.DBConnectionPool:49) - 创建新数据库池,id=3
2009-09-14 23:14:18,174  INFO [Timer-0] (com.founder.enp.db.DBConnectionPool:95) - 启动连接池：3
2009-09-14 23:14:19,098  INFO [Timer-0] (com.founder.enp.dest.DestCMS4:77) - 更新已有稿件【1279】排行数:【1】所在栏目【149】
2009-09-14 23:14:19,124  INFO [Timer-0] (com.founder.enp.dest.DestCMS4:77) - 更新已有稿件【1280】排行数:【2】所在栏目【149】
2009-09-14 23:14:19,145  INFO [Timer-0] (com.founder.enp.dest.DestCMS4:77) - 更新已有稿件【1281】排行数:【3】所在栏目【149】
2009-09-14 23:14:19,170  INFO [Timer-0] (com.founder.enp.dest.DestCMS4:77) - 更新已有稿件【1282】排行数:【4】所在栏目【149】
2009-09-14 23:14:19,185  INFO [Timer-0] (com.founder.enp.dest.DestCMS4:77) - 更新已有稿件【1283】排行数:【5】所在栏目【149】
2009-09-14 23:14:19,205  INFO [Timer-0] (com.founder.enp.dest.DestCMS4:77) - 更新已有稿件【1289】排行数:【6】所在栏目【149】
2009-09-14 23:14:19,228  INFO [Timer-0] (com.founder.enp.dest.DestCMS4:77) - 更新已有稿件【1290】排行数:【7】所在栏目【149】
2009-09-14 23:14:19,244  INFO [Timer-0] (com.founder.enp.dest.DestCMS4:77) - 更新已有稿件【1291】排行数:【8】所在栏目【149】
2009-09-14 23:14:19,247  INFO [Timer-0] (com.founder.enp.proess.ChunkProcess:35) - 获取【股票-新股发行一览】的最新数据数据，花费【1】秒
2009-09-14 23:14:19,251  INFO [Timer-0] (com.founder.enp.proess.ChunkProcess:32) - 开始获取【股票-新股发行儿览】的最新数据
2009-09-14 23:14:19,291  INFO [Timer-0] (com.founder.enp.dest.DestCMS4:77) - 更新已有稿件【1292】排行数:【1】所在栏目【152】
2009-09-14 23:14:19,306  INFO [Timer-0] (com.founder.enp.dest.DestCMS4:77) - 更新已有稿件【1293】排行数:【2】所在栏目【152】
2009-09-14 23:14:19,326  INFO [Timer-0] (com.founder.enp.dest.DestCMS4:77) - 更新已有稿件【1294】排行数:【3】所在栏目【152】
2009-09-14 23:14:19,342  INFO [Timer-0] (com.founder.enp.dest.DestCMS4:77) - 更新已有稿件【1295】排行数:【4】所在栏目【152】
2009-09-14 23:14:19,351  INFO [Timer-0] (com.founder.enp.proess.ChunkProcess:35) - 获取【股票-新股发行儿览】的最新数据数据，花费【0】秒
2009-09-14 23:14:19,352  INFO [Timer-0] (com.founder.enp.proess.ChunkProcess:32) - 开始获取【沪深涨跌幅排行－沪A股涨排行(webservice)】的最新数据
2009-09-14 23:14:19,592  INFO [Timer-0] (com.founder.enp.source.SourceWebService:83) - 通过webservice【沪深涨跌幅排行－沪A股涨排行(webservice)】获取数据成功,获取到【5】条数据
2009-09-14 23:14:19,618  INFO [Timer-0] (com.founder.enp.dest.DestCMS4:77) - 更新已有稿件【1320】排行数:【1】所在栏目【160】
2009-09-14 23:14:19,637  INFO [Timer-0] (com.founder.enp.dest.DestCMS4:77) - 更新已有稿件【1321】排行数:【2】所在栏目【160】
2009-09-14 23:14:19,653  INFO [Timer-0] (com.founder.enp.dest.DestCMS4:77) - 更新已有稿件【1322】排行数:【3】所在栏目【160】
2009-09-14 23:14:19,673  INFO [Timer-0] (com.founder.enp.dest.DestCMS4:77) - 更新已有稿件【1323】排行数:【4】所在栏目【160】
2009-09-14 23:14:19,693  INFO [Timer-0] (com.founder.enp.dest.DestCMS4:77) - 更新已有稿件【1324】排行数:【5】所在栏目【160】
2009-09-14 23:14:19,700  INFO [Timer-0] (com.founder.enp.proess.ChunkProcess:35) - 获取【沪深涨跌幅排行－沪A股涨排行(webservice)】的最新数据数据，花费【0】秒
2009-09-14 23:14:46,685  INFO [main] (com.founder.enp.DataMoveMain:84) - 已发送结束程序消息
2009-09-14 23:14:48,084  INFO [main] (com.founder.enp.DataMoveMain:103) - 检测到停止程序消息
2009-09-14 23:14:48,089  INFO [main] (com.founder.enp.db.DBConnectionPool:72) - 关闭连接池：3
2009-09-14 23:14:48,090  INFO [main] (com.founder.enp.db.ConnectionPoolManager:52) - 移除连接池:3
2009-09-14 23:14:48,091  INFO [main] (com.founder.enp.DataMoveMain:138) - 程序安全关闭
2009-09-15 00:28:33,701  INFO [main] (com.founder.enp.DataMoveMain:84) - 已发送结束程序消息
2009-09-15 00:28:37,068  INFO [main] (com.founder.enp.DataMoveMain:103) - 检测到停止程序消息
2009-09-15 00:28:39,075  INFO [main] (com.founder.enp.DataMoveMain:138) - 程序安全关闭
